proguard/seeds.txt
com.admogo.adapters.AdMogoAdapter: java.lang.ref.WeakReference adMogoLayoutReference
com.admogo.adapters.AdMogoAdapter: com.admogo.obj.Ration ration
com.admogo.adapters.AdMogoAdapter: com.admogo.adapters.AdMogoAdapter adapter
com.admogo.adapters.AdMogoAdapter: AdMogoAdapter(com.admogo.AdMogoLayout,com.admogo.obj.Ration)
com.admogo.adapters.AdMogoAdapter: com.admogo.adapters.AdMogoAdapter getAdapter(com.admogo.AdMogoLayout,com.admogo.obj.Ration)
com.admogo.adapters.AdMogoAdapter: com.admogo.adapters.AdMogoAdapter getNetworkAdapter(java.lang.String,com.admogo.AdMogoLayout,com.admogo.obj.Ration)
com.admogo.adapters.AdMogoAdapter: com.admogo.adapters.AdMogoAdapter unknownAdNetwork(com.admogo.AdMogoLayout,com.admogo.obj.Ration)
com.admogo.adapters.AdMogoAdapter: void handle(com.admogo.AdMogoLayout,com.admogo.obj.Ration)
com.admogo.adapters.AdMogoAdapter: void handle()
com.admogo.adapters.AdMogoAdapter: void finish()
com.admogo.adapters.AppMediaAdapter
com.admogo.adapters.AppMediaAdapter: cn.appmedia.ad.BannerAdView bannerAdView
com.admogo.adapters.AppMediaAdapter: android.app.Activity activity
com.admogo.adapters.AppMediaAdapter: AppMediaAdapter(com.admogo.AdMogoLayout,com.admogo.obj.Ration)
com.admogo.adapters.AppMediaAdapter: void handle()
com.admogo.adapters.AppMediaAdapter: void finish()
com.admogo.adapters.AppMediaAdapter: void onReceiveAdFailure(cn.appmedia.ad.BannerAdView)
com.admogo.adapters.AppMediaAdapter: void onReceiveAdSuccess(cn.appmedia.ad.BannerAdView)
com.admogo.adapters.AdMogoAdapter: java.lang.ref.WeakReference adMogoLayoutReference
com.admogo.adapters.AdMogoAdapter: com.admogo.obj.Ration ration
com.admogo.adapters.AdMogoAdapter: com.admogo.adapters.AdMogoAdapter adapter
com.admogo.adapters.AdMogoAdapter: AdMogoAdapter(com.admogo.AdMogoLayout,com.admogo.obj.Ration)
com.admogo.adapters.AdMogoAdapter: com.admogo.adapters.AdMogoAdapter getAdapter(com.admogo.AdMogoLayout,com.admogo.obj.Ration)
com.admogo.adapters.AdMogoAdapter: com.admogo.adapters.AdMogoAdapter getNetworkAdapter(java.lang.String,com.admogo.AdMogoLayout,com.admogo.obj.Ration)
com.admogo.adapters.AdMogoAdapter: com.admogo.adapters.AdMogoAdapter unknownAdNetwork(com.admogo.AdMogoLayout,com.admogo.obj.Ration)
com.admogo.adapters.AdMogoAdapter: void handle(com.admogo.AdMogoLayout,com.admogo.obj.Ration)
com.admogo.adapters.AdMogoAdapter: void handle()
com.admogo.adapters.AdMogoAdapter: void finish()
com.admogo.AdMogoTargeting
com.admogo.AdMogoTargeting: java.lang.String appName
com.admogo.AdMogoTargeting: java.lang.String companyName
com.admogo.AdMogoTargeting: com.admogo.AdMogoTargeting$Gender gender
com.admogo.AdMogoTargeting: java.util.GregorianCalendar birthDate
com.admogo.AdMogoTargeting: java.lang.String birthday
com.admogo.AdMogoTargeting: java.lang.String postalCode
com.admogo.AdMogoTargeting: java.lang.String keywords
com.admogo.AdMogoTargeting: java.util.Set keywordSet
com.admogo.AdMogoTargeting: java.lang.String telephoneNumber
com.admogo.AdMogoTargeting: int adchinaDefaultImage
com.admogo.AdMogoTargeting: java.lang.String countryCode
com.admogo.AdMogoTargeting: int PHONE_BANNER_AD
com.admogo.AdMogoTargeting: int APad_BIG_BANNER_AD
com.admogo.AdMogoTargeting: int APad_SMALL_BANNER_AD
com.admogo.AdMogoTargeting: int APad_RECTANGLE_AD
com.admogo.AdMogoTargeting: int APad_SKYSCRAPER_AD
com.admogo.AdMogoTargeting: int FULLSCREEN_AD
com.admogo.AdMogoTargeting: int VIDEO_AD
com.admogo.AdMogoTargeting: void <clinit>()
com.admogo.AdMogoTargeting: AdMogoTargeting()
com.admogo.AdMogoTargeting: void resetData()
com.admogo.AdMogoTargeting: java.lang.String getAppName()
com.admogo.AdMogoTargeting: void setAppName(java.lang.String)
com.admogo.AdMogoTargeting: java.lang.String getCompanyName()
com.admogo.AdMogoTargeting: void setCompanyName(java.lang.String)
com.admogo.AdMogoTargeting: void setTestMode(boolean)