proguard/mapping.txt
com.admogo.adapters.ZestAdzAdapter -> com.admogo.adapters.ZestAdzAdapter:
    android.app.Activity activity -> activity
    void handle() -> handle
    void AdReturned(com.zestadz.android.ZestADZAdView) -> AdReturned
    void AdFailed(com.zestadz.android.ZestADZAdView) -> AdFailed
    void finish() -> finish
com.admogo.obj.Custom -> com.admogo.obj.Custom:
    int type -> type
    java.lang.String link -> link
    android.graphics.drawable.Drawable image -> image
    java.lang.String imageLink -> imageLink
    java.lang.String description -> description
com.admogo.obj.Extra -> com.admogo.obj.Extra:
    int fgRed -> fgRed
    int fgGreen -> fgGreen
    int fgBlue -> fgBlue
    int fgAlpha -> fgAlpha
    int bgRed -> bgRed
    int bgGreen -> bgGreen
    int bgBlue -> bgBlue
    int bgAlpha -> bgAlpha
    int cycleTime -> cycleTime
    int locationOn -> locationOn
    int transition -> transition
    int improveClick -> improveClick
com.admogo.obj.Mogo -> com.admogo.obj.Mogo:
    int type -> type
    java.lang.String link -> link
    android.graphics.drawable.Drawable image -> image
    java.lang.String imageLink -> imageLink
    java.lang.String description -> description
com.admogo.obj.Ration -> com.admogo.obj.Ration:
    java.lang.String nid -> nid
    int type -> type
    java.lang.String name -> name
    double weight -> weight
    java.lang.String key -> key
    java.lang.String key2 -> key2
    int priority -> priority
    boolean testmodel -> testmodel
    int compareTo(com.admogo.obj.Ration) -> compareTo
    int compareTo(java.lang.Object) -> compareTo
com.admogo.util.AdMogoUtil -> com.admogo.util.AdMogoUtil:
    int VERSION -> VERSION
    java.lang.String VER -> VER
    java.lang.String ADMOGO -> ADMOGO
    int NETWORK_TYPE_ADMOB -> NETWORK_TYPE_ADMOB
    int NETWORK_TYPE_JUMPTAP -> NETWORK_TYPE_JUMPTAP
    int NETWORK_TYPE_VIDEOEGG -> NETWORK_TYPE_VIDEOEGG
    int NETWORK_TYPE_MEDIALETS -> NETWORK_TYPE_MEDIALETS
    int NETWORK_TYPE_LIVERAIL -> NETWORK_TYPE_LIVERAIL
    int NETWORK_TYPE_MILLENNIAL -> NETWORK_TYPE_MILLENNIAL
    int NETWORK_TYPE_GREYSTRIP -> NETWORK_TYPE_GREYSTRIP
    int NETWORK_TYPE_QUATTRO -> NETWORK_TYPE_QUATTRO
    int NETWORK_TYPE_CUSTOM -> NETWORK_TYPE_CUSTOM
    int NETWORK_TYPE_ADMOGO -> NETWORK_TYPE_ADMOGO
    int NETWORK_TYPE_MOBCLIX -> NETWORK_TYPE_MOBCLIX
    int NETWORK_TYPE_MDOTM -> NETWORK_TYPE_MDOTM
    int NETWORK_TYPE_4THSCREEN -> NETWORK_TYPE_4THSCREEN
    int NETWORK_TYPE_ADSENSE -> NETWORK_TYPE_ADSENSE
    int NETWORK_TYPE_DOUBLECLICK -> NETWORK_TYPE_DOUBLECLICK
    int NETWORK_TYPE_GENERIC -> NETWORK_TYPE_GENERIC
    int NETWORK_TYPE_EVENT -> NETWORK_TYPE_EVENT
    int NETWORK_TYPE_INMOBI -> NETWORK_TYPE_INMOBI
    int NETWORK_TYPE_ZESTADZ -> NETWORK_TYPE_ZESTADZ
    int NETWORK_TYPE_ADCHINA -> NETWORK_TYPE_ADCHINA
    int NETWORK_TYPE_WIYUN -> NETWORK_TYPE_WIYUN
    int NETWORK_TYPE_WOOBOO -> NETWORK_TYPE_WOOBOO
    int NETWORK_TYPE_YOUMI -> NETWORK_TYPE_YOUMI
    int NETWORK_TYPE_CASEE -> NETWORK_TYPE_CASEE
com.adwo.adsdk.A -> com.adwo.adsdk.j:
    void a() -> a
com.adwo.adsdk.AdListener -> com.adwo.adsdk.ba:
    void onFailedToReceiveRefreshedAd(com.adwo.adsdk.AdwoAdView) -> onFailedToReceiveRefreshedAd
    void onReceiveAd(com.adwo.adsdk.AdwoAdView) -> onReceiveAd
    void onFailedToReceiveAd(com.adwo.adsdk.AdwoAdView) -> onFailedToReceiveAd
com.adwo.adsdk.AdwoAdBrowserActivity -> com.adwo.adsdk.AdwoAdBrowserActivity:
    com.adwo.adsdk.m a -> a
    java.lang.String[] b -> b
    boolean c -> c
    android.os.Handler d -> d
    void onCreate(android.os.Bundle) -> onCreate
    void onResume() -> onResume
    void onDestroy() -> onDestroy
    void onStop() -> onStop
    void onPause() -> onPause
    boolean onKeyDown(int,android.view.KeyEvent) -> onKeyDown
    void a$1385ff() -> a
    com.adwo.adsdk.m a(com.adwo.adsdk.AdwoAdBrowserActivity) -> a