proguard/usage.txt
com.adwo.adsdk.AdwoAdView:
    111:127:public AdwoAdView(android.content.Context,java.lang.String,int,int,boolean,int,boolean)
com.fzh.game.bean.CardBean:
    public static final int NO_ID
com.fzh.game.ershi.FzhGame24Activity:
    public static final java.lang.String XMLNAME
    public static final java.lang.String AD_KEY
com.fzh.game.ershi.R
com.fzh.game.ershi.R$attr
com.fzh.game.ershi.R$drawable
com.fzh.game.ershi.R$id
com.fzh.game.ershi.R$layout
com.fzh.game.ershi.R$string
com.fzh.game.picture.AnimateDrawable:
    24:24:public android.view.animation.Animation getAnimation()
    28:29:public void setAnimation(android.view.animation.Animation)
    32:32:public boolean hasStarted()
    36:36:public boolean hasEnded()
com.fzh.game.picture.CardDrawable:
    45:46:public CardDrawable(android.graphics.Bitmap)
    48:58:public CardDrawable(android.graphics.Bitmap,int)
    124:131:public void setBitmap(android.graphics.Bitmap)
    134:134:public android.graphics.Bitmap getBitmap()
com.fzh.game.picture.ProxyDrawable:
    22:25:public void setProxy(android.graphics.drawable.Drawable)
com.fzh.game.tool.NNumCalculateToM:
    private static final int PRECISION
    private static final int NUM
    private static final int RESULT
com.fzh.game.view.Game24SurfaceView
com.fzh.game.view.Game24SurfaceView$MyThread
com.fzh.game.view.Game24View:
    public static final int EXIT_GAME
    public static final int GAME_OVER
    public static final int SHOW_ANSWER
    public static final int CLOSE_ANSWER
    public static final int ISNULL_BEI
    public static final int CANNOT_DIV